<?xml version="1.0" encoding="UTF-8"?>
<!-- Generated by org.testng.reporters.JUnitReportReporter -->
<testsuite hostname="VanKha04" failures="0" tests="1" name="Test.khadvpc05684.KhachHangTest" time="10.075" errors="0" timestamp="2024-04-07T15:44:30 ICT" skipped="0">
  <testcase classname="Test.khadvpc05684.KhachHangTest" name="Test" time="10.075"/>
  <system-out/>
</testsuite> <!-- Test.khadvpc05684.KhachHangTest -->
